#
# There is insufficient memory for the Java Runtime Environment to continue.
# Native memory allocation (malloc) failed to allocate 440400 bytes for Chunk::new
# Possible reasons:
#   The system is out of physical RAM or swap space
#   The process is running with CompressedOops enabled, and the Java Heap may be blocking the growth of the native heap
# Possible solutions:
#   Reduce memory load on the system
#   Increase physical memory or swap space
#   Check if swap backing store is full
#   Decrease Java heap size (-Xmx/-Xms)
#   Decrease number of Java threads
#   Decrease Java thread stack sizes (-Xss)
#   Set larger code cache with -XX:ReservedCodeCacheSize=
#   JVM is running with Zero Based Compressed Oops mode in which the Java heap is
#     placed in the first 32GB address space. The Java Heap base address is the
#     maximum limit for the native heap growth. Please use -XX:HeapBaseMinAddress
#     to set the Java Heap base and to place the Java Heap above 32GB virtual address.
# This output file may be truncated or incomplete.
#
#  Out of Memory Error (allocation.cpp:389), pid=3148, tid=0x0000000000002fe8
#
# JRE version: Java(TM) SE Runtime Environment (8.0_301-b09) (build 1.8.0_301-b09)
# Java VM: Java HotSpot(TM) 64-Bit Server VM (25.301-b09 mixed mode windows-amd64 compressed oops)
# Failed to write core dump. Minidumps are not enabled by default on client versions of Windows
#

---------------  T H R E A D  ---------------

Current thread (0x000002730269a000):  JavaThread "C2 CompilerThread0" daemon [_thread_in_native, id=12264, stack(0x000000b546a00000,0x000000b546b00000)]

Stack: [0x000000b546a00000,0x000000b546b00000]
Native frames: (J=compiled Java code, j=interpreted, Vv=VM code, C=native code)
V  [jvm.dll+0x32ed79]
V  [jvm.dll+0x275722]
V  [jvm.dll+0x2763cd]
V  [jvm.dll+0x26ce05]
V  [jvm.dll+0xd551c]
V  [jvm.dll+0xd5d1c]
V  [jvm.dll+0x470195]
V  [jvm.dll+0x437c50]
V  [jvm.dll+0x440c55]
V  [jvm.dll+0x440015]
V  [jvm.dll+0x42ae57]
V  [jvm.dll+0xac1bb]
V  [jvm.dll+0xaa81b]
V  [jvm.dll+0x23ddc2]
V  [jvm.dll+0x2923dc]
C  [ucrtbase.dll+0x21bb2]
C  [KERNEL32.DLL+0x17034]
C  [ntdll.dll+0x52651]


Current CompileTask:
C2:    589  684       4       java.io.WinNTFileSystem::normalize (143 bytes)


---------------  P R O C E S S  ---------------

Java Threads: ( => current thread )
  0x0000027302734800 JavaThread "Service Thread" daemon [_thread_blocked, id=14252, stack(0x000000b546e00000,0x000000b546f00000)]
  0x00000273026aa800 JavaThread "C1 CompilerThread3" daemon [_thread_blocked, id=12592, stack(0x000000b546d00000,0x000000b546e00000)]
  0x00000273026a4800 JavaThread "C2 CompilerThread2" daemon [_thread_blocked, id=10616, stack(0x000000b546c00000,0x000000b546d00000)]
  0x00000273026a3000 JavaThread "C2 CompilerThread1" daemon [_thread_blocked, id=11164, stack(0x000000b546b00000,0x000000b546c00000)]
=>0x000002730269a000 JavaThread "C2 CompilerThread0" daemon [_thread_in_native, id=12264, stack(0x000000b546a00000,0x000000b546b00000)]
  0x0000027302694800 JavaThread "Monitor Ctrl-Break" daemon [_thread_in_native, id=6652, stack(0x000000b546900000,0x000000b546a00000)]
  0x00000273003c4800 JavaThread "Attach Listener" daemon [_thread_blocked, id=6724, stack(0x000000b546800000,0x000000b546900000)]
  0x00000273003c4000 JavaThread "Signal Dispatcher" daemon [_thread_blocked, id=12368, stack(0x000000b546700000,0x000000b546800000)]
  0x0000027300399000 JavaThread "Finalizer" daemon [_thread_blocked, id=1592, stack(0x000000b546600000,0x000000b546700000)]
  0x0000027365460800 JavaThread "Reference Handler" daemon [_thread_blocked, id=12316, stack(0x000000b546500000,0x000000b546600000)]
  0x00000273653bf800 JavaThread "main" [_thread_in_native, id=9656, stack(0x000000b545900000,0x000000b545a00000)]

Other Threads:
  0x0000027300372000 VMThread [stack: 0x000000b546400000,0x000000b546500000] [id=6948]
  0x00000273027b2000 WatcherThread [stack: 0x000000b546f00000,0x000000b547000000] [id=11236]

VM state:not at safepoint (normal execution)

VM Mutex/Monitor currently owned by a thread: None

heap address: 0x00000006c1000000, size: 4080 MB, Compressed Oops mode: Zero based, Oop shift amount: 3
Narrow klass base: 0x0000000000000000, Narrow klass shift: 3
Compressed class space size: 1073741824 Address: 0x00000007c0000000

Heap:
 PSYoungGen      total 76288K, used 31511K [0x000000076b000000, 0x0000000770500000, 0x00000007c0000000)
  eden space 65536K, 48% used [0x000000076b000000,0x000000076cec5d78,0x000000076f000000)
  from space 10752K, 0% used [0x000000076fa80000,0x000000076fa80000,0x0000000770500000)
  to   space 10752K, 0% used [0x000000076f000000,0x000000076f000000,0x000000076fa80000)
 ParOldGen       total 175104K, used 0K [0x00000006c1000000, 0x00000006cbb00000, 0x000000076b000000)
  object space 175104K, 0% used [0x00000006c1000000,0x00000006c1000000,0x00000006cbb00000)
 Metaspace       used 8711K, capacity 9556K, committed 9856K, reserved 1058816K
  class space    used 1144K, capacity 1329K, committed 1408K, reserved 1048576K

Card table byte_map: [0x0000027376100000,0x0000027376900000] byte_map_base: 0x0000027372af8000

Marking Bits: (ParMarkBitMap*) 0x000000005a307fe0
 Begin Bits: [0x0000027376e50000, 0x000002737ae10000)
 End Bits:   [0x000002737ae10000, 0x000002737edd0000)

Polling page: 0x0000027366d10000

CodeCache: size=245760Kb used=3124Kb max_used=3124Kb free=242635Kb
 bounds [0x0000027366d40000, 0x0000027367050000, 0x0000027375d40000]
 total_blobs=1131 nmethods=832 adapters=212
 compilation: disabled (not enough contiguous free space left)

Compilation events (10 events):
Event: 0.518 Thread 0x00000273026aa800 nmethod 780 0x00000273670188d0 code [0x0000027367018a40, 0x0000027367018cb0]
Event: 0.518 Thread 0x00000273026aa800  781       3       java.util.jar.JavaUtilJarAccessImpl::getTrustedAttributes (6 bytes)
Event: 0.518 Thread 0x00000273026aa800 nmethod 781 0x00000273670184d0 code [0x0000027367018640, 0x00000273670187f0]
Event: 0.519 Thread 0x00000273026aa800  783       3       jdk.internal.org.objectweb.asm.Type::getArgumentTypes (131 bytes)
Event: 0.519 Thread 0x00000273026a3000  786       4       java.lang.String::substring (79 bytes)
Event: 0.519 Thread 0x00000273026aa800 nmethod 783 0x00000273670174d0 code [0x00000273670176a0, 0x0000027367017fa0]
Event: 0.519 Thread 0x00000273026aa800  784       3       jdk.internal.org.objectweb.asm.ClassWriter::<init> (122 bytes)
Event: 0.520 Thread 0x00000273026aa800 nmethod 784 0x0000027367016450 code [0x0000027367016660, 0x00000273670170b0]
Event: 0.520 Thread 0x00000273026aa800  788       3       jdk.internal.org.objectweb.asm.MethodWriter::put (1599 bytes)
Event: 0.520 Thread 0x00000273026a4800 nmethod 770 0x00000273670325d0 code [0x0000027367032780, 0x00000273670331a8]

GC Heap History (0 events):
No events

Deoptimization events (1 events):
Event: 0.217 Thread 0x00000273653bf800 Uncommon trap: reason=null_check action=make_not_entrant pc=0x0000027366ec889c method=java.lang.String.equals(Ljava/lang/Object;)Z @ 8

Classes redefined (0 events):
No events

Internal exceptions (10 events):
Event: 0.201 Thread 0x00000273653bf800 Exception <a 'java/lang/NoSuchFieldError': method resolution failed> (0x000000076b65da48) thrown at [C:\jenkins\workspace\8-2-build-windows-amd64-cygwin\jdk8u301\1513\hotspot\src\share\vm\prims\methodHandles.cpp, line 1169]
Event: 0.217 Thread 0x00000273653bf800 Implicit null exception at 0x0000027366ec869b to 0x0000027366ec888d
Event: 0.437 Thread 0x00000273653bf800 Exception <a 'java/lang/NoSuchMethodError': java.lang.Object.lambda$or$2(Ljava/util/function/Predicate;Ljava/lang/Object;)Z> (0x000000076c1bf5d8) thrown at [C:\jenkins\workspace\8-2-build-windows-amd64-cygwin\jdk8u301\1513\hotspot\src\share\vm\interpreter
Event: 0.453 Thread 0x00000273653bf800 Exception <a 'java/lang/IncompatibleClassChangeError': Found class java.lang.Object, but interface was expected> (0x000000076c2fcb90) thrown at [C:\jenkins\workspace\8-2-build-windows-amd64-cygwin\jdk8u301\1513\hotspot\src\share\vm\interpreter\linkResolve
Event: 0.487 Thread 0x00000273653bf800 Exception <a 'java/lang/NoSuchMethodError': java.lang.Object.lambda$andThen$1(Ljava/util/function/Function;Ljava/lang/Object;)Ljava/lang/Object;> (0x000000076c6361e0) thrown at [C:\jenkins\workspace\8-2-build-windows-amd64-cygwin\jdk8u301\1513\hotspot\src
Event: 0.498 Thread 0x00000273653bf800 Exception <a 'java/lang/IncompatibleClassChangeError': Found class java.lang.Object, but interface was expected> (0x000000076c6f79b8) thrown at [C:\jenkins\workspace\8-2-build-windows-amd64-cygwin\jdk8u301\1513\hotspot\src\share\vm\interpreter\linkResolve
Event: 0.499 Thread 0x00000273653bf800 Exception <a 'java/lang/NoSuchMethodError': java.lang.Object.lambda$ofVoidMethod$0(Lorg/junit/jupiter/engine/execution/ExecutableInvoker$ReflectiveInterceptorCall$VoidMethodInterceptorCall;Lorg/junit/jupiter/api/extension/InvocationInterceptor;Lorg/junit/
Event: 0.505 Thread 0x00000273653bf800 Exception <a 'java/lang/IncompatibleClassChangeError': Found class java.lang.Object, but interface was expected> (0x000000076c76c558) thrown at [C:\jenkins\workspace\8-2-build-windows-amd64-cygwin\jdk8u301\1513\hotspot\src\share\vm\interpreter\linkResolve
Event: 0.514 Thread 0x00000273653bf800 Exception <a 'java/lang/NoSuchMethodError': java.lang.Object.lambda$accept$0(Lorg/junit/platform/engine/TestDescriptor$Visitor;Lorg/junit/platform/engine/TestDescriptor;)V> (0x000000076c805f88) thrown at [C:\jenkins\workspace\8-2-build-windows-amd64-cygwi
Event: 0.519 Thread 0x00000273653bf800 Exception <a 'java/lang/NoSuchMethodError': java.lang.Object.containsTests(Lorg/junit/platform/engine/TestDescriptor;)Z> (0x000000076c848fc0) thrown at [C:\jenkins\workspace\8-2-build-windows-amd64-cygwin\jdk8u301\1513\hotspot\src\share\vm\interpreter\lin

Events (10 events):
Event: 0.520 loading class org/junit/platform/engine/TestEngine
Event: 0.520 loading class org/junit/platform/engine/TestEngine done
Event: 0.520 loading class org/junit/platform/engine/TestEngine
Event: 0.520 loading class org/junit/platform/engine/TestEngine done
Event: 0.520 loading class org/junit/platform/launcher/EngineDiscoveryResult
Event: 0.520 loading class org/junit/platform/launcher/EngineDiscoveryResult done
Event: 0.520 loading class org/junit/platform/launcher/EngineDiscoveryResult$Status
Event: 0.520 loading class org/junit/platform/launcher/EngineDiscoveryResult$Status done
Event: 0.521 loading class org/junit/platform/commons/util/ExceptionUtils
Event: 0.521 loading class org/junit/platform/commons/util/ExceptionUtils done


Dynamic libraries:
0x00007ff706d80000 - 0x00007ff706dc7000 	D:\JAVA8\bin\java.exe
0x00007ff859f30000 - 0x00007ff85a125000 	C:\WINDOWS\SYSTEM32\ntdll.dll
0x00007ff859720000 - 0x00007ff8597de000 	C:\WINDOWS\System32\KERNEL32.DLL
0x00007ff857c00000 - 0x00007ff857ec8000 	C:\WINDOWS\System32\KERNELBASE.dll
0x00007ff8587d0000 - 0x00007ff85887e000 	C:\WINDOWS\System32\ADVAPI32.dll
0x00007ff858730000 - 0x00007ff8587ce000 	C:\WINDOWS\System32\msvcrt.dll
0x00007ff859da0000 - 0x00007ff859e3c000 	C:\WINDOWS\System32\sechost.dll
0x00007ff8595f0000 - 0x00007ff859715000 	C:\WINDOWS\System32\RPCRT4.dll
0x00007ff857f90000 - 0x00007ff858130000 	C:\WINDOWS\System32\USER32.dll
0x00007ff857650000 - 0x00007ff857672000 	C:\WINDOWS\System32\win32u.dll
0x00007ff8597e0000 - 0x00007ff85980a000 	C:\WINDOWS\System32\GDI32.dll
0x00007ff857af0000 - 0x00007ff857bfb000 	C:\WINDOWS\System32\gdi32full.dll
0x00007ff857a50000 - 0x00007ff857aed000 	C:\WINDOWS\System32\msvcp_win.dll
0x00007ff857680000 - 0x00007ff857780000 	C:\WINDOWS\System32\ucrtbase.dll
0x00007ff8474c0000 - 0x00007ff84775a000 	C:\WINDOWS\WinSxS\amd64_microsoft.windows.common-controls_6595b64144ccf1df_6.0.19041.1110_none_60b5254171f9507e\COMCTL32.dll
0x00007ff859870000 - 0x00007ff8598a0000 	C:\WINDOWS\System32\IMM32.DLL
0x00007ff852ae0000 - 0x00007ff852af5000 	D:\JAVA8\jre\bin\vcruntime140.dll
0x00007ff83e9f0000 - 0x00007ff83ea8b000 	D:\JAVA8\jre\bin\msvcp140.dll
0x0000000059b20000 - 0x000000005a380000 	D:\JAVA8\jre\bin\server\jvm.dll
0x00007ff8594b0000 - 0x00007ff8594b8000 	C:\WINDOWS\System32\PSAPI.DLL
0x00007ff851270000 - 0x00007ff85127a000 	C:\WINDOWS\SYSTEM32\VERSION.dll
0x00007ff843b80000 - 0x00007ff843b89000 	C:\WINDOWS\SYSTEM32\WSOCK32.dll
0x00007ff8479c0000 - 0x00007ff8479e7000 	C:\WINDOWS\SYSTEM32\WINMM.dll
0x00007ff859c50000 - 0x00007ff859cbb000 	C:\WINDOWS\System32\WS2_32.dll
0x00007ff855590000 - 0x00007ff8555a2000 	C:\WINDOWS\SYSTEM32\kernel.appcore.dll
0x00007ff852ad0000 - 0x00007ff852ae0000 	D:\JAVA8\jre\bin\verify.dll
0x00007ff852aa0000 - 0x00007ff852acb000 	D:\JAVA8\jre\bin\java.dll
0x00007ff83e210000 - 0x00007ff83e240000 	D:\JAVA8\jre\bin\instrument.dll
0x00007ff852a80000 - 0x00007ff852a98000 	D:\JAVA8\jre\bin\zip.dll
0x00007ff858d60000 - 0x00007ff8594a4000 	C:\WINDOWS\System32\SHELL32.dll
0x00007ff855790000 - 0x00007ff855f24000 	C:\WINDOWS\SYSTEM32\windows.storage.dll
0x00007ff8581d0000 - 0x00007ff858524000 	C:\WINDOWS\System32\combase.dll
0x00007ff8570c0000 - 0x00007ff8570ec000 	C:\WINDOWS\SYSTEM32\Wldp.dll
0x00007ff859e40000 - 0x00007ff859eed000 	C:\WINDOWS\System32\SHCORE.dll
0x00007ff859d40000 - 0x00007ff859d95000 	C:\WINDOWS\System32\shlwapi.dll
0x00007ff857590000 - 0x00007ff8575af000 	C:\WINDOWS\SYSTEM32\profapi.dll
0x00007ff847d70000 - 0x00007ff847d8a000 	D:\IDEA\IntelliJ IDEA 2021.3.3\bin\breakgen64.dll
0x00007ff852a60000 - 0x00007ff852a7c000 	D:\JAVA8\jre\bin\net.dll
0x00007ff856e20000 - 0x00007ff856e8a000 	C:\WINDOWS\system32\mswsock.dll
0x00007ff84ba40000 - 0x00007ff84bc24000 	C:\WINDOWS\SYSTEM32\dbghelp.dll
0x00007ff857ed0000 - 0x00007ff857f52000 	C:\WINDOWS\System32\bcryptPrimitives.dll

VM Arguments:
jvm_args: -ea -Didea.test.cyclic.buffer.size=1048576 -javaagent:D:\IDEA\IntelliJ IDEA 2021.3.3\lib\idea_rt.jar=59063:D:\IDEA\IntelliJ IDEA 2021.3.3\bin -Dfile.encoding=UTF-8 
java_command: com.intellij.rt.junit.JUnitStarter -ideVersion5 -junit5 com.mypro.book.BookShopOnlineApplicationTests,test2
java_class_path (initial): C:\Users\Administrator.SK-20200229GWTL\.m2\repository\org\junit\platform\junit-platform-launcher\1.8.2\junit-platform-launcher-1.8.2.jar;C:\Users\Administrator.SK-20200229GWTL\.m2\repository\org\junit\platform\junit-platform-engine\1.8.2\junit-platform-engine-1.8.2.jar;C:\Users\Administrator.SK-20200229GWTL\.m2\repository\org\opentest4j\opentest4j\1.2.0\opentest4j-1.2.0.jar;C:\Users\Administrator.SK-20200229GWTL\.m2\repository\org\junit\platform\junit-platform-commons\1.8.2\junit-platform-commons-1.8.2.jar;C:\Users\Administrator.SK-20200229GWTL\.m2\repository\org\apiguardian\apiguardian-api\1.1.2\apiguardian-api-1.1.2.jar;D:\IDEA\IntelliJ IDEA 2021.3.3\lib\idea_rt.jar;D:\IDEA\IntelliJ IDEA 2021.3.3\plugins\junit\lib\junit5-rt.jar;D:\IDEA\IntelliJ IDEA 2021.3.3\plugins\junit\lib\junit-rt.jar;D:\JAVA8\jre\lib\charsets.jar;D:\JAVA8\jre\lib\deploy.jar;D:\JAVA8\jre\lib\ext\access-bridge-64.jar;D:\JAVA8\jre\lib\ext\cldrdata.jar;D:\JAVA8\jre\lib\ext\dnsns.jar;D:\JAVA8\jre\lib\ext\jaccess.jar;D:\JAVA8\jre\lib\ext\jfxrt.jar;D:\JAVA8\jre\lib\ext\localedata.jar;D:\JAVA8\jre\lib\ext\nashorn.jar;D:\JAVA8\jre\lib\ext\sunec.jar;D:\JAVA8\jre\lib\ext\sunjce_provider.jar;D:\JAVA8\jre\lib\ext\sunmscapi.jar;D:\JAVA8\jre\lib\ext\sunpkcs11.jar;D:\JAVA8\jre\lib\ext\zipfs.jar;D:\JAVA8\jre\lib\javaws.jar;D:\JAVA8\jre\lib\jce.jar;D:\JAVA8\jre\lib\jfr.jar;D:\JAVA8\jre\lib\jfxswt.jar;D:\JAVA8\jre\lib\jsse.jar;D:\JAVA8\jre\lib\management-agent.jar;D:\JAVA8\jre\lib\plugin.jar;D:\JAVA8\jre\lib\resources.jar;D:\JAVA8\jre\lib\rt.jar;D:\JAVAProjects\BookShopOnline\target\test-classes;D:\JAVAProjects\BookShopOnline\target\classes;D:\JAVALibs\maven\repository\org\springframework\boot\spring-boot-starter-thymeleaf\2.6.7\spring-boot-starter-thymeleaf-2.6.7.jar;D:\JAVALibs\maven\repository\org\springframework\boot\spring-boot-starter\2.6.7\spring-boot-starter-2.6.7.jar;D:\JAVALibs\maven\repository\org\springframework\boot\spring-boot\2.6.7\spring-boot-2.6.7.jar;D:\JAVALibs\ma
Launcher Type: SUN_STANDARD

Environment Variables:
JAVA_HOME=D:\JAVA8
CLASSPATH=.;D:\JAVA11\lib;D:\JAVA11\lib\tools.jar
PATH=C:\Program Files\MySQL\MySQL Server 5.7\bin;D:\DataBase\Orcale19c\OrcaleLocation\bin;D:\JAVA8\bin;C:\WINDOWS\SYSTEM32\;?D:\JAVA8\files\apache-tomcat-8.5.72-64\bin;D:\Git\cmd;D:\JAVALibs\apache-maven-3.8.5\bin;D:\JAVANodeJs\;C:\Program Files\MySQL\MySQL Server 5.7\bin;C:\Program Files\MySQL\MySQL Shell 8.0\bin\;E:\Python\Scripts\;E:\Python\;C:\Users\Administrator.SK-20200229GWTL\AppData\Local\Microsoft\WindowsApps;?C:\Program Files (x86)\Dev-Cpp\MinGW64\bin;C:\redis;D:\IDEA\IntelliJ IDEA 213.5744.18\bin;;D:\JAVALibs\apache-maven-3.8.5\bin;C:\Users\Administrator.SK-20200229GWTL\AppData\Roaming\npm
USERNAME=Administrator
OS=Windows_NT
PROCESSOR_IDENTIFIER=AMD64 Family 23 Model 8 Stepping 2, AuthenticAMD



---------------  S Y S T E M  ---------------

OS: Windows 10.0 , 64 bit Build 19041 (10.0.19041.1645)

CPU:total 12 (initial active 12) (12 cores per cpu, 1 threads per core) family 23 model 8 stepping 2, cmov, cx8, fxsr, mmx, sse, sse2, sse3, ssse3, sse4.1, sse4.2, popcnt, avx, avx2, aes, clmul, mmxext, 3dnowpref, lzcnt, sse4a, tsc, tscinvbit, tscinv, bmi1

Memory: 4k page, physical 16706944k(6760928k free), swap 20901248k(55704k free)

vm_info: Java HotSpot(TM) 64-Bit Server VM (25.301-b09) for windows-amd64 JRE (1.8.0_301-b09), built on Jun  9 2021 06:46:21 by "java_re" with MS VC++ 15.9 (VS2017)

time: Sat May 14 23:30:29 2022
timezone: 中国标准时间
elapsed time: 0.594722 seconds (0d 0h 0m 0s)

