#
# There is insufficient memory for the Java Runtime Environment to continue.
# Native memory allocation (malloc) failed to allocate 32744 bytes for ChunkPool::allocate
# Possible reasons:
#   The system is out of physical RAM or swap space
#   The process is running with CompressedOops enabled, and the Java Heap may be blocking the growth of the native heap
# Possible solutions:
#   Reduce memory load on the system
#   Increase physical memory or swap space
#   Check if swap backing store is full
#   Decrease Java heap size (-Xmx/-Xms)
#   Decrease number of Java threads
#   Decrease Java thread stack sizes (-Xss)
#   Set larger code cache with -XX:ReservedCodeCacheSize=
#   JVM is running with Zero Based Compressed Oops mode in which the Java heap is
#     placed in the first 32GB address space. The Java Heap base address is the
#     maximum limit for the native heap growth. Please use -XX:HeapBaseMinAddress
#     to set the Java Heap base and to place the Java Heap above 32GB virtual address.
# This output file may be truncated or incomplete.
#
#  Out of Memory Error (allocation.cpp:272), pid=2868, tid=0x00000000000039e8
#
# JRE version: Java(TM) SE Runtime Environment (8.0_301-b09) (build 1.8.0_301-b09)
# Java VM: Java HotSpot(TM) 64-Bit Server VM (25.301-b09 mixed mode windows-amd64 compressed oops)
# Failed to write core dump. Minidumps are not enabled by default on client versions of Windows
#

---------------  T H R E A D  ---------------

Current thread (0x000001e38a73c800):  JavaThread "C2 CompilerThread0" daemon [_thread_in_native, id=14824, stack(0x000000757a400000,0x000000757a500000)]

Stack: [0x000000757a400000,0x000000757a500000]
Native frames: (J=compiled Java code, j=interpreted, Vv=VM code, C=native code)
V  [jvm.dll+0x32ed79]


Current CompileTask:
C2:   3046 3261       4       java.util.function.BiPredicate$$Lambda$398/693958407::test (14 bytes)


---------------  P R O C E S S  ---------------

Java Threads: ( => current thread )
  0x000001e38d00f000 JavaThread "mysql-cj-abandoned-connection-cleanup" daemon [_thread_blocked, id=13928, stack(0x000000757aa00000,0x000000757ab00000)]
  0x000001e38a7d8800 JavaThread "Service Thread" daemon [_thread_blocked, id=12168, stack(0x000000757a800000,0x000000757a900000)]
  0x000001e38a748800 JavaThread "C1 CompilerThread3" daemon [_thread_blocked, id=7088, stack(0x000000757a700000,0x000000757a800000)]
  0x000001e38a747000 JavaThread "C2 CompilerThread2" daemon [_thread_in_native, id=7308, stack(0x000000757a600000,0x000000757a700000)]
  0x000001e38a745800 JavaThread "C2 CompilerThread1" daemon [_thread_in_native, id=9608, stack(0x000000757a500000,0x000000757a600000)]
=>0x000001e38a73c800 JavaThread "C2 CompilerThread0" daemon [_thread_in_native, id=14824, stack(0x000000757a400000,0x000000757a500000)]
  0x000001e38a737800 JavaThread "Monitor Ctrl-Break" daemon [_thread_in_native, id=12148, stack(0x000000757a300000,0x000000757a400000)]
  0x000001e388458800 JavaThread "Attach Listener" daemon [_thread_blocked, id=4604, stack(0x000000757a200000,0x000000757a300000)]
  0x000001e388445800 JavaThread "Signal Dispatcher" daemon [_thread_blocked, id=7028, stack(0x000000757a100000,0x000000757a200000)]
  0x000001e3ed548000 JavaThread "Finalizer" daemon [_thread_blocked, id=8860, stack(0x000000757a000000,0x000000757a100000)]
  0x000001e3ed541800 JavaThread "Reference Handler" daemon [_thread_blocked, id=12212, stack(0x0000007579f00000,0x000000757a000000)]
  0x000001e3ed49f000 JavaThread "main" [_thread_in_native, id=7948, stack(0x0000007579300000,0x0000007579400000)]

Other Threads:
  0x000001e3883f2800 VMThread [stack: 0x0000007579e00000,0x0000007579f00000] [id=1356]
  0x000001e38a884000 WatcherThread [stack: 0x000000757a900000,0x000000757aa00000] [id=2760]

VM state:not at safepoint (normal execution)

VM Mutex/Monitor currently owned by a thread: None

heap address: 0x00000006c1000000, size: 4080 MB, Compressed Oops mode: Zero based, Oop shift amount: 3
Narrow klass base: 0x0000000000000000, Narrow klass shift: 3
Compressed class space size: 1073741824 Address: 0x00000007c0000000

Heap:
 PSYoungGen      total 105472K, used 57373K [0x000000076b000000, 0x0000000774d80000, 0x00000007c0000000)
  eden space 94720K, 60% used [0x000000076b000000,0x000000076e807478,0x0000000770c80000)
  from space 10752K, 0% used [0x0000000770c80000,0x0000000770c80000,0x0000000771700000)
  to   space 10240K, 0% used [0x0000000774380000,0x0000000774380000,0x0000000774d80000)
 ParOldGen       total 177664K, used 12868K [0x00000006c1000000, 0x00000006cbd80000, 0x000000076b000000)
  object space 177664K, 7% used [0x00000006c1000000,0x00000006c1c91320,0x00000006cbd80000)
 Metaspace       used 34992K, capacity 37808K, committed 38016K, reserved 1081344K
  class space    used 4662K, capacity 5176K, committed 5248K, reserved 1048576K

Card table byte_map: [0x000001e3fe240000,0x000001e3fea40000] byte_map_base: 0x000001e3fac38000

Marking Bits: (ParMarkBitMap*) 0x000000005a307fe0
 Begin Bits: [0x000001e380000000, 0x000001e383fc0000)
 End Bits:   [0x000001e383fc0000, 0x000001e387f80000)

Polling page: 0x000001e3ed5e0000

CodeCache: size=245760Kb used=12424Kb max_used=12424Kb free=233335Kb
 bounds [0x000001e3eee80000, 0x000001e3efab0000, 0x000001e3fde80000]
 total_blobs=3881 nmethods=3461 adapters=333
 compilation: enabled

Compilation events (10 events):
Event: 3.026 Thread 0x000001e38a748800 3470       3       org.springframework.core.SerializableTypeWrapper$MethodParameterTypeProvider::getType (8 bytes)
Event: 3.026 Thread 0x000001e38a748800 nmethod 3470 0x000001e3efaa1750 code [0x000001e3efaa18c0, 0x000001e3efaa1af0]
Event: 3.026 Thread 0x000001e38a748800 3471       3       org.springframework.beans.GenericTypeAwarePropertyDescriptor::<init> (323 bytes)
Event: 3.029 Thread 0x000001e38a748800 nmethod 3471 0x000001e3efaa1bd0 code [0x000001e3efaa2060, 0x000001e3efaa5160]
Event: 3.029 Thread 0x000001e38a748800 3472       3       org.springframework.core.MethodParameter::getContainingClass (18 bytes)
Event: 3.029 Thread 0x000001e38a748800 nmethod 3472 0x000001e3efaa6fd0 code [0x000001e3efaa7140, 0x000001e3efaa7490]
Event: 3.036 Thread 0x000001e38a748800 3473   !   3       java.util.regex.Pattern::matcher (44 bytes)
Event: 3.037 Thread 0x000001e38a748800 nmethod 3473 0x000001e3efaa7590 code [0x000001e3efaa7720, 0x000001e3efaa7b80]
Event: 3.043 Thread 0x000001e38a748800 3474       3       java.lang.invoke.MethodType::makeImpl (66 bytes)
Event: 3.043 Thread 0x000001e38a748800 nmethod 3474 0x000001e3efaa7c90 code [0x000001e3efaa7e80, 0x000001e3efaa86f0]

GC Heap History (10 events):
Event: 1.491 GC heap before
{Heap before GC invocations=3 (full 1):
 PSYoungGen      total 76288K, used 10047K [0x000000076b000000, 0x0000000774500000, 0x00000007c0000000)
  eden space 65536K, 0% used [0x000000076b000000,0x000000076b000000,0x000000076f000000)
  from space 10752K, 93% used [0x000000076fa80000,0x000000077044fe30,0x0000000770500000)
  to   space 10752K, 0% used [0x000000076f000000,0x000000076f000000,0x000000076fa80000)
 ParOldGen       total 175104K, used 32K [0x00000006c1000000, 0x00000006cbb00000, 0x000000076b000000)
  object space 175104K, 0% used [0x00000006c1000000,0x00000006c1008000,0x00000006cbb00000)
 Metaspace       used 19626K, capacity 21194K, committed 21296K, reserved 1067008K
  class space    used 2567K, capacity 2885K, committed 2944K, reserved 1048576K
Event: 1.511 GC heap after
Heap after GC invocations=3 (full 1):
 PSYoungGen      total 76288K, used 0K [0x000000076b000000, 0x0000000774500000, 0x00000007c0000000)
  eden space 65536K, 0% used [0x000000076b000000,0x000000076b000000,0x000000076f000000)
  from space 10752K, 0% used [0x000000076fa80000,0x000000076fa80000,0x0000000770500000)
  to   space 10752K, 0% used [0x000000076f000000,0x000000076f000000,0x000000076fa80000)
 ParOldGen       total 111616K, used 9574K [0x00000006c1000000, 0x00000006c7d00000, 0x000000076b000000)
  object space 111616K, 8% used [0x00000006c1000000,0x00000006c1959810,0x00000006c7d00000)
 Metaspace       used 19626K, capacity 21194K, committed 21296K, reserved 1067008K
  class space    used 2567K, capacity 2885K, committed 2944K, reserved 1048576K
}
Event: 1.842 GC heap before
{Heap before GC invocations=4 (full 1):
 PSYoungGen      total 76288K, used 65536K [0x000000076b000000, 0x0000000774500000, 0x00000007c0000000)
  eden space 65536K, 100% used [0x000000076b000000,0x000000076f000000,0x000000076f000000)
  from space 10752K, 0% used [0x000000076fa80000,0x000000076fa80000,0x0000000770500000)
  to   space 10752K, 0% used [0x000000076f000000,0x000000076f000000,0x000000076fa80000)
 ParOldGen       total 111616K, used 9574K [0x00000006c1000000, 0x00000006c7d00000, 0x000000076b000000)
  object space 111616K, 8% used [0x00000006c1000000,0x00000006c1959810,0x00000006c7d00000)
 Metaspace       used 24496K, capacity 26332K, committed 26368K, reserved 1073152K
  class space    used 3222K, capacity 3568K, committed 3584K, reserved 1048576K
Event: 1.846 GC heap after
Heap after GC invocations=4 (full 1):
 PSYoungGen      total 76288K, used 7909K [0x000000076b000000, 0x0000000772180000, 0x00000007c0000000)
  eden space 65536K, 0% used [0x000000076b000000,0x000000076b000000,0x000000076f000000)
  from space 10752K, 73% used [0x000000076f000000,0x000000076f7b96f8,0x000000076fa80000)
  to   space 10752K, 0% used [0x0000000771700000,0x0000000771700000,0x0000000772180000)
 ParOldGen       total 111616K, used 9582K [0x00000006c1000000, 0x00000006c7d00000, 0x000000076b000000)
  object space 111616K, 8% used [0x00000006c1000000,0x00000006c195b810,0x00000006c7d00000)
 Metaspace       used 24496K, capacity 26332K, committed 26368K, reserved 1073152K
  class space    used 3222K, capacity 3568K, committed 3584K, reserved 1048576K
}
Event: 2.306 GC heap before
{Heap before GC invocations=5 (full 1):
 PSYoungGen      total 76288K, used 73445K [0x000000076b000000, 0x0000000772180000, 0x00000007c0000000)
  eden space 65536K, 100% used [0x000000076b000000,0x000000076f000000,0x000000076f000000)
  from space 10752K, 73% used [0x000000076f000000,0x000000076f7b96f8,0x000000076fa80000)
  to   space 10752K, 0% used [0x0000000771700000,0x0000000771700000,0x0000000772180000)
 ParOldGen       total 111616K, used 9582K [0x00000006c1000000, 0x00000006c7d00000, 0x000000076b000000)
  object space 111616K, 8% used [0x00000006c1000000,0x00000006c195b810,0x00000006c7d00000)
 Metaspace       used 28256K, capacity 30436K, committed 30592K, reserved 1075200K
  class space    used 3755K, capacity 4164K, committed 4224K, reserved 1048576K
Event: 2.313 GC heap after
Heap after GC invocations=5 (full 1):
 PSYoungGen      total 105472K, used 7891K [0x000000076b000000, 0x0000000772300000, 0x00000007c0000000)
  eden space 94720K, 0% used [0x000000076b000000,0x000000076b000000,0x0000000770c80000)
  from space 10752K, 73% used [0x0000000771700000,0x0000000771eb4f88,0x0000000772180000)
  to   space 10752K, 0% used [0x0000000770c80000,0x0000000770c80000,0x0000000771700000)
 ParOldGen       total 111616K, used 9590K [0x00000006c1000000, 0x00000006c7d00000, 0x000000076b000000)
  object space 111616K, 8% used [0x00000006c1000000,0x00000006c195d810,0x00000006c7d00000)
 Metaspace       used 28256K, capacity 30436K, committed 30592K, reserved 1075200K
  class space    used 3755K, capacity 4164K, committed 4224K, reserved 1048576K
}
Event: 2.668 GC heap before
{Heap before GC invocations=6 (full 1):
 PSYoungGen      total 105472K, used 66445K [0x000000076b000000, 0x0000000772300000, 0x00000007c0000000)
  eden space 94720K, 61% used [0x000000076b000000,0x000000076e92e610,0x0000000770c80000)
  from space 10752K, 73% used [0x0000000771700000,0x0000000771eb4f88,0x0000000772180000)
  to   space 10752K, 0% used [0x0000000770c80000,0x0000000770c80000,0x0000000771700000)
 ParOldGen       total 111616K, used 9590K [0x00000006c1000000, 0x00000006c7d00000, 0x000000076b000000)
  object space 111616K, 8% used [0x00000006c1000000,0x00000006c195d810,0x00000006c7d00000)
 Metaspace       used 33070K, capacity 35390K, committed 35496K, reserved 1079296K
  class space    used 4358K, capacity 4797K, committed 4864K, reserved 1048576K
Event: 2.673 GC heap after
Heap after GC invocations=6 (full 1):
 PSYoungGen      total 105472K, used 8115K [0x000000076b000000, 0x0000000774d80000, 0x00000007c0000000)
  eden space 94720K, 0% used [0x000000076b000000,0x000000076b000000,0x0000000770c80000)
  from space 10752K, 75% used [0x0000000770c80000,0x000000077146cff8,0x0000000771700000)
  to   space 10240K, 0% used [0x0000000774380000,0x0000000774380000,0x0000000774d80000)
 ParOldGen       total 111616K, used 9662K [0x00000006c1000000, 0x00000006c7d00000, 0x000000076b000000)
  object space 111616K, 8% used [0x00000006c1000000,0x00000006c196f820,0x00000006c7d00000)
 Metaspace       used 33070K, capacity 35390K, committed 35496K, reserved 1079296K
  class space    used 4358K, capacity 4797K, committed 4864K, reserved 1048576K
}
Event: 2.673 GC heap before
{Heap before GC invocations=7 (full 2):
 PSYoungGen      total 105472K, used 8115K [0x000000076b000000, 0x0000000774d80000, 0x00000007c0000000)
  eden space 94720K, 0% used [0x000000076b000000,0x000000076b000000,0x0000000770c80000)
  from space 10752K, 75% used [0x0000000770c80000,0x000000077146cff8,0x0000000771700000)
  to   space 10240K, 0% used [0x0000000774380000,0x0000000774380000,0x0000000774d80000)
 ParOldGen       total 111616K, used 9662K [0x00000006c1000000, 0x00000006c7d00000, 0x000000076b000000)
  object space 111616K, 8% used [0x00000006c1000000,0x00000006c196f820,0x00000006c7d00000)
 Metaspace       used 33070K, capacity 35390K, committed 35496K, reserved 1079296K
  class space    used 4358K, capacity 4797K, committed 4864K, reserved 1048576K
Event: 2.704 GC heap after
Heap after GC invocations=7 (full 2):
 PSYoungGen      total 105472K, used 0K [0x000000076b000000, 0x0000000774d80000, 0x00000007c0000000)
  eden space 94720K, 0% used [0x000000076b000000,0x000000076b000000,0x0000000770c80000)
  from space 10752K, 0% used [0x0000000770c80000,0x0000000770c80000,0x0000000771700000)
  to   space 10240K, 0% used [0x0000000774380000,0x0000000774380000,0x0000000774d80000)
 ParOldGen       total 177664K, used 12868K [0x00000006c1000000, 0x00000006cbd80000, 0x000000076b000000)
  object space 177664K, 7% used [0x00000006c1000000,0x00000006c1c91320,0x00000006cbd80000)
 Metaspace       used 33070K, capacity 35390K, committed 35496K, reserved 1079296K
  class space    used 4358K, capacity 4797K, committed 4864K, reserved 1048576K
}

Deoptimization events (10 events):
Event: 2.736 Thread 0x000001e3ed49f000 Uncommon trap: reason=class_check action=maybe_recompile pc=0x000001e3ef9324d4 method=java.lang.reflect.Array.newInstance(Ljava/lang/Class;I)Ljava/lang/Object; @ 2
Event: 2.736 Thread 0x000001e3ed49f000 Uncommon trap: reason=class_check action=maybe_recompile pc=0x000001e3ef9324d4 method=java.lang.reflect.Array.newInstance(Ljava/lang/Class;I)Ljava/lang/Object; @ 2
Event: 2.736 Thread 0x000001e3ed49f000 Uncommon trap: reason=class_check action=maybe_recompile pc=0x000001e3ef9324d4 method=java.lang.reflect.Array.newInstance(Ljava/lang/Class;I)Ljava/lang/Object; @ 2
Event: 2.736 Thread 0x000001e3ed49f000 Uncommon trap: reason=class_check action=maybe_recompile pc=0x000001e3ef9324d4 method=java.lang.reflect.Array.newInstance(Ljava/lang/Class;I)Ljava/lang/Object; @ 2
Event: 2.748 Thread 0x000001e3ed49f000 Uncommon trap: reason=unstable_if action=reinterpret pc=0x000001e3ef968d08 method=java.lang.Class.searchMethods([Ljava/lang/reflect/Method;Ljava/lang/String;[Ljava/lang/Class;)Ljava/lang/reflect/Method; @ 47
Event: 2.756 Thread 0x000001e3ed49f000 Uncommon trap: reason=unstable_if action=reinterpret pc=0x000001e3ef9cada4 method=java.util.concurrent.ConcurrentHashMap.putVal(Ljava/lang/Object;Ljava/lang/Object;Z)Ljava/lang/Object; @ 331
Event: 2.933 Thread 0x000001e3ed49f000 Uncommon trap: reason=unstable_if action=reinterpret pc=0x000001e3ef3beefc method=java.util.concurrent.ConcurrentHashMap.transfer([Ljava/util/concurrent/ConcurrentHashMap$Node;[Ljava/util/concurrent/ConcurrentHashMap$Node;)V @ 356
Event: 2.934 Thread 0x000001e3ed49f000 Uncommon trap: reason=unstable_if action=reinterpret pc=0x000001e3ef35cd60 method=java.util.concurrent.ConcurrentHashMap.transfer([Ljava/util/concurrent/ConcurrentHashMap$Node;[Ljava/util/concurrent/ConcurrentHashMap$Node;)V @ 356
Event: 2.937 Thread 0x000001e3ed49f000 Uncommon trap: reason=unstable_if action=reinterpret pc=0x000001e3ef99207c method=java.lang.Class$MethodArray.addIfNotPresent(Ljava/lang/reflect/Method;)V @ 19
Event: 2.955 Thread 0x000001e3ed49f000 Uncommon trap: reason=unstable_if action=reinterpret pc=0x000001e3ef723744 method=java.lang.invoke.MethodType.checkPtypes([Ljava/lang/Class;)I @ 40

Classes redefined (0 events):
No events

Internal exceptions (10 events):
Event: 2.973 Thread 0x000001e3ed49f000 Exception <a 'java/lang/ClassNotFoundException': org/springframework/web/context/ServletContextAwareCustomizer> (0x000000076de10a08) thrown at [C:\jenkins\workspace\8-2-build-windows-amd64-cygwin\jdk8u301\1513\hotspot\src\share\vm\classfile\systemDictiona
Event: 2.973 Thread 0x000001e3ed49f000 Exception <a 'java/lang/ClassNotFoundException': org/springframework/beans/factory/AwareCustomizer> (0x000000076de28f78) thrown at [C:\jenkins\workspace\8-2-build-windows-amd64-cygwin\jdk8u301\1513\hotspot\src\share\vm\classfile\systemDictionary.cpp, line
Event: 2.974 Thread 0x000001e3ed49f000 Exception <a 'java/lang/ClassNotFoundException': org/springframework/context/ApplicationContextAwareCustomizer> (0x000000076de441e0) thrown at [C:\jenkins\workspace\8-2-build-windows-amd64-cygwin\jdk8u301\1513\hotspot\src\share\vm\classfile\systemDictiona
Event: 2.974 Thread 0x000001e3ed49f000 Exception <a 'java/lang/ClassNotFoundException': org/springframework/beans/factory/AwareCustomizer> (0x000000076de5cce8) thrown at [C:\jenkins\workspace\8-2-build-windows-amd64-cygwin\jdk8u301\1513\hotspot\src\share\vm\classfile\systemDictionary.cpp, line
Event: 3.024 Thread 0x000001e3ed49f000 Exception <a 'java/lang/ClassNotFoundException': java/lang/ObjectCustomizer> (0x000000076e4467d8) thrown at [C:\jenkins\workspace\8-2-build-windows-amd64-cygwin\jdk8u301\1513\hotspot\src\share\vm\classfile\systemDictionary.cpp, line 212]
Event: 3.024 Thread 0x000001e3ed49f000 Exception <a 'java/lang/ClassNotFoundException': org/springframework/web/servlet/resource/ResourceUrlProviderCustomizer> (0x000000076e467918) thrown at [C:\jenkins\workspace\8-2-build-windows-amd64-cygwin\jdk8u301\1513\hotspot\src\share\vm\classfile\syste
Event: 3.027 Thread 0x000001e3ed49f000 Exception <a 'java/lang/ClassNotFoundException': org/springframework/context/ApplicationListenerCustomizer> (0x000000076e4c1780) thrown at [C:\jenkins\workspace\8-2-build-windows-amd64-cygwin\jdk8u301\1513\hotspot\src\share\vm\classfile\systemDictionary.c
Event: 3.027 Thread 0x000001e3ed49f000 Exception <a 'java/lang/ClassNotFoundException': java/util/EventListenerCustomizer> (0x000000076e4cee20) thrown at [C:\jenkins\workspace\8-2-build-windows-amd64-cygwin\jdk8u301\1513\hotspot\src\share\vm\classfile\systemDictionary.cpp, line 212]
Event: 3.027 Thread 0x000001e3ed49f000 Exception <a 'java/lang/ClassNotFoundException': org/springframework/context/ApplicationContextAwareCustomizer> (0x000000076e4e9f70) thrown at [C:\jenkins\workspace\8-2-build-windows-amd64-cygwin\jdk8u301\1513\hotspot\src\share\vm\classfile\systemDictiona
Event: 3.028 Thread 0x000001e3ed49f000 Exception <a 'java/lang/ClassNotFoundException': org/springframework/beans/factory/AwareCustomizer> (0x000000076e502a78) thrown at [C:\jenkins\workspace\8-2-build-windows-amd64-cygwin\jdk8u301\1513\hotspot\src\share\vm\classfile\systemDictionary.cpp, line

Events (10 events):
Event: 3.043 loading class org/springframework/web/servlet/handler/MappedInterceptor$PatternAdapter
Event: 3.043 loading class org/springframework/web/servlet/handler/MappedInterceptor$PatternAdapter done
Event: 3.043 loading class org/springframework/web/util/pattern/InternalPathPatternParser
Event: 3.043 loading class org/springframework/web/util/pattern/InternalPathPatternParser done
Event: 3.044 loading class org/springframework/web/util/pattern/PathElement
Event: 3.044 loading class org/springframework/web/util/pattern/PathElement done
Event: 3.044 loading class org/springframework/web/util/pattern/WildcardTheRestPathElement
Event: 3.044 loading class org/springframework/web/util/pattern/WildcardTheRestPathElement done
Event: 3.044 loading class org/springframework/web/util/pattern/SeparatorPathElement
Event: 3.044 loading class org/springframework/web/util/pattern/SeparatorPathElement done


Dynamic libraries:
0x00007ff706d80000 - 0x00007ff706dc7000 	D:\JAVA8\bin\java.exe
0x00007ff859f30000 - 0x00007ff85a125000 	C:\WINDOWS\SYSTEM32\ntdll.dll
0x00007ff859720000 - 0x00007ff8597de000 	C:\WINDOWS\System32\KERNEL32.DLL
0x00007ff857c00000 - 0x00007ff857ec8000 	C:\WINDOWS\System32\KERNELBASE.dll
0x00007ff8587d0000 - 0x00007ff85887e000 	C:\WINDOWS\System32\ADVAPI32.dll
0x00007ff858730000 - 0x00007ff8587ce000 	C:\WINDOWS\System32\msvcrt.dll
0x00007ff859da0000 - 0x00007ff859e3c000 	C:\WINDOWS\System32\sechost.dll
0x00007ff8595f0000 - 0x00007ff859715000 	C:\WINDOWS\System32\RPCRT4.dll
0x00007ff857f90000 - 0x00007ff858130000 	C:\WINDOWS\System32\USER32.dll
0x00007ff857650000 - 0x00007ff857672000 	C:\WINDOWS\System32\win32u.dll
0x00007ff8597e0000 - 0x00007ff85980a000 	C:\WINDOWS\System32\GDI32.dll
0x00007ff857af0000 - 0x00007ff857bfb000 	C:\WINDOWS\System32\gdi32full.dll
0x00007ff857a50000 - 0x00007ff857aed000 	C:\WINDOWS\System32\msvcp_win.dll
0x00007ff857680000 - 0x00007ff857780000 	C:\WINDOWS\System32\ucrtbase.dll
0x00007ff8474c0000 - 0x00007ff84775a000 	C:\WINDOWS\WinSxS\amd64_microsoft.windows.common-controls_6595b64144ccf1df_6.0.19041.1110_none_60b5254171f9507e\COMCTL32.dll
0x00007ff859870000 - 0x00007ff8598a0000 	C:\WINDOWS\System32\IMM32.DLL
0x00007ff852ae0000 - 0x00007ff852af5000 	D:\JAVA8\jre\bin\vcruntime140.dll
0x00007ff83e9f0000 - 0x00007ff83ea8b000 	D:\JAVA8\jre\bin\msvcp140.dll
0x0000000059b20000 - 0x000000005a380000 	D:\JAVA8\jre\bin\server\jvm.dll
0x00007ff8594b0000 - 0x00007ff8594b8000 	C:\WINDOWS\System32\PSAPI.DLL
0x00007ff843b80000 - 0x00007ff843b89000 	C:\WINDOWS\SYSTEM32\WSOCK32.dll
0x00007ff851270000 - 0x00007ff85127a000 	C:\WINDOWS\SYSTEM32\VERSION.dll
0x00007ff859c50000 - 0x00007ff859cbb000 	C:\WINDOWS\System32\WS2_32.dll
0x00007ff8479c0000 - 0x00007ff8479e7000 	C:\WINDOWS\SYSTEM32\WINMM.dll
0x00007ff855590000 - 0x00007ff8555a2000 	C:\WINDOWS\SYSTEM32\kernel.appcore.dll
0x00007ff852ad0000 - 0x00007ff852ae0000 	D:\JAVA8\jre\bin\verify.dll
0x00007ff852aa0000 - 0x00007ff852acb000 	D:\JAVA8\jre\bin\java.dll
0x00007ff83e290000 - 0x00007ff83e2c0000 	D:\JAVA8\jre\bin\instrument.dll
0x00007ff852a80000 - 0x00007ff852a98000 	D:\JAVA8\jre\bin\zip.dll
0x00007ff858d60000 - 0x00007ff8594a4000 	C:\WINDOWS\System32\SHELL32.dll
0x00007ff855790000 - 0x00007ff855f24000 	C:\WINDOWS\SYSTEM32\windows.storage.dll
0x00007ff8581d0000 - 0x00007ff858524000 	C:\WINDOWS\System32\combase.dll
0x00007ff8570c0000 - 0x00007ff8570ec000 	C:\WINDOWS\SYSTEM32\Wldp.dll
0x00007ff859e40000 - 0x00007ff859eed000 	C:\WINDOWS\System32\SHCORE.dll
0x00007ff859d40000 - 0x00007ff859d95000 	C:\WINDOWS\System32\shlwapi.dll
0x00007ff857590000 - 0x00007ff8575af000 	C:\WINDOWS\SYSTEM32\profapi.dll
0x00007ff847d70000 - 0x00007ff847d8a000 	D:\IDEA\IntelliJ IDEA 2021.3.3\bin\breakgen64.dll
0x00007ff852a60000 - 0x00007ff852a7c000 	D:\JAVA8\jre\bin\net.dll
0x00007ff856e20000 - 0x00007ff856e8a000 	C:\WINDOWS\system32\mswsock.dll
0x00007ff8529d0000 - 0x00007ff8529e3000 	D:\JAVA8\jre\bin\nio.dll
0x00007ff844900000 - 0x00007ff84490d000 	D:\JAVA8\jre\bin\management.dll
0x00007ff847980000 - 0x00007ff847997000 	C:\WINDOWS\system32\napinsp.dll
0x00007ff846c80000 - 0x00007ff846c9b000 	C:\WINDOWS\system32\pnrpnsp.dll
0x00007ff846660000 - 0x00007ff846675000 	C:\WINDOWS\system32\wshbth.dll
0x00007ff852920000 - 0x00007ff85293d000 	C:\WINDOWS\system32\NLAapi.dll
0x00007ff856ac0000 - 0x00007ff856afb000 	C:\WINDOWS\SYSTEM32\IPHLPAPI.DLL
0x00007ff856b00000 - 0x00007ff856bcb000 	C:\WINDOWS\SYSTEM32\DNSAPI.dll
0x00007ff8581c0000 - 0x00007ff8581c8000 	C:\WINDOWS\System32\NSI.dll
0x00007ff844e60000 - 0x00007ff844e72000 	C:\WINDOWS\System32\winrnr.dll
0x00007ff83e080000 - 0x00007ff83e18d000 	C:\WINDOWS\SysWOW64\ierd_tgp_lsp64.dll
0x00007ff8594c0000 - 0x00007ff8595ea000 	C:\WINDOWS\System32\ole32.dll
0x00007ff84b990000 - 0x00007ff84b99a000 	C:\Windows\System32\rasadhlp.dll
0x00007ff84b4f0000 - 0x00007ff84b56f000 	C:\WINDOWS\System32\fwpuclnt.dll
0x00007ff857f60000 - 0x00007ff857f87000 	C:\WINDOWS\System32\bcrypt.dll

VM Arguments:
jvm_args: -ea -Didea.test.cyclic.buffer.size=1048576 -javaagent:D:\IDEA\IntelliJ IDEA 2021.3.3\lib\idea_rt.jar=58961:D:\IDEA\IntelliJ IDEA 2021.3.3\bin -Dfile.encoding=UTF-8 
java_command: com.intellij.rt.junit.JUnitStarter -ideVersion5 -junit5 com.mypro.book.BookShopOnlineApplicationTests,test2
java_class_path (initial): C:\Users\Administrator.SK-20200229GWTL\.m2\repository\org\junit\platform\junit-platform-launcher\1.8.2\junit-platform-launcher-1.8.2.jar;C:\Users\Administrator.SK-20200229GWTL\.m2\repository\org\junit\platform\junit-platform-engine\1.8.2\junit-platform-engine-1.8.2.jar;C:\Users\Administrator.SK-20200229GWTL\.m2\repository\org\opentest4j\opentest4j\1.2.0\opentest4j-1.2.0.jar;C:\Users\Administrator.SK-20200229GWTL\.m2\repository\org\junit\platform\junit-platform-commons\1.8.2\junit-platform-commons-1.8.2.jar;C:\Users\Administrator.SK-20200229GWTL\.m2\repository\org\apiguardian\apiguardian-api\1.1.2\apiguardian-api-1.1.2.jar;D:\IDEA\IntelliJ IDEA 2021.3.3\lib\idea_rt.jar;D:\IDEA\IntelliJ IDEA 2021.3.3\plugins\junit\lib\junit5-rt.jar;D:\IDEA\IntelliJ IDEA 2021.3.3\plugins\junit\lib\junit-rt.jar;D:\JAVA8\jre\lib\charsets.jar;D:\JAVA8\jre\lib\deploy.jar;D:\JAVA8\jre\lib\ext\access-bridge-64.jar;D:\JAVA8\jre\lib\ext\cldrdata.jar;D:\JAVA8\jre\lib\ext\dnsns.jar;D:\JAVA8\jre\lib\ext\jaccess.jar;D:\JAVA8\jre\lib\ext\jfxrt.jar;D:\JAVA8\jre\lib\ext\localedata.jar;D:\JAVA8\jre\lib\ext\nashorn.jar;D:\JAVA8\jre\lib\ext\sunec.jar;D:\JAVA8\jre\lib\ext\sunjce_provider.jar;D:\JAVA8\jre\lib\ext\sunmscapi.jar;D:\JAVA8\jre\lib\ext\sunpkcs11.jar;D:\JAVA8\jre\lib\ext\zipfs.jar;D:\JAVA8\jre\lib\javaws.jar;D:\JAVA8\jre\lib\jce.jar;D:\JAVA8\jre\lib\jfr.jar;D:\JAVA8\jre\lib\jfxswt.jar;D:\JAVA8\jre\lib\jsse.jar;D:\JAVA8\jre\lib\management-agent.jar;D:\JAVA8\jre\lib\plugin.jar;D:\JAVA8\jre\lib\resources.jar;D:\JAVA8\jre\lib\rt.jar;D:\JAVAProjects\BookShopOnline\target\test-classes;D:\JAVAProjects\BookShopOnline\target\classes;D:\JAVALibs\maven\repository\org\springframework\boot\spring-boot-starter-thymeleaf\2.6.7\spring-boot-starter-thymeleaf-2.6.7.jar;D:\JAVALibs\maven\repository\org\springframework\boot\spring-boot-starter\2.6.7\spring-boot-starter-2.6.7.jar;D:\JAVALibs\maven\repository\org\springframework\boot\spring-boot\2.6.7\spring-boot-2.6.7.jar;D:\JAVALibs\ma
Launcher Type: SUN_STANDARD

Environment Variables:
JAVA_HOME=D:\JAVA8
CLASSPATH=.;D:\JAVA11\lib;D:\JAVA11\lib\tools.jar
PATH=C:\Program Files\MySQL\MySQL Server 5.7\bin;D:\DataBase\Orcale19c\OrcaleLocation\bin;D:\JAVA8\bin;C:\WINDOWS\SYSTEM32\;?D:\JAVA8\files\apache-tomcat-8.5.72-64\bin;D:\Git\cmd;D:\JAVALibs\apache-maven-3.8.5\bin;D:\JAVANodeJs\;C:\Program Files\MySQL\MySQL Server 5.7\bin;C:\Program Files\MySQL\MySQL Shell 8.0\bin\;E:\Python\Scripts\;E:\Python\;C:\Users\Administrator.SK-20200229GWTL\AppData\Local\Microsoft\WindowsApps;?C:\Program Files (x86)\Dev-Cpp\MinGW64\bin;C:\redis;D:\IDEA\IntelliJ IDEA 213.5744.18\bin;;D:\JAVALibs\apache-maven-3.8.5\bin;C:\Users\Administrator.SK-20200229GWTL\AppData\Roaming\npm
USERNAME=Administrator
OS=Windows_NT
PROCESSOR_IDENTIFIER=AMD64 Family 23 Model 8 Stepping 2, AuthenticAMD



---------------  S Y S T E M  ---------------

OS: Windows 10.0 , 64 bit Build 19041 (10.0.19041.1645)

CPU:total 12 (initial active 12) (12 cores per cpu, 1 threads per core) family 23 model 8 stepping 2, cmov, cx8, fxsr, mmx, sse, sse2, sse3, ssse3, sse4.1, sse4.2, popcnt, avx, avx2, aes, clmul, mmxext, 3dnowpref, lzcnt, sse4a, tsc, tscinvbit, tscinv, bmi1

Memory: 4k page, physical 16706944k(6817072k free), swap 20901248k(6308k free)

vm_info: Java HotSpot(TM) 64-Bit Server VM (25.301-b09) for windows-amd64 JRE (1.8.0_301-b09), built on Jun  9 2021 06:46:21 by "java_re" with MS VC++ 15.9 (VS2017)

time: Sat May 14 23:28:28 2022
timezone: 中国标准时间
elapsed time: 3.053331 seconds (0d 0h 0m 3s)

